Build started 10/5/2015 1:10:53 PM.
     1>Project "C:\Users\Jie\Documents\study\Jane_CIS22C\Lab1\Lab1\Lab1\Lab1.vcxproj" on node 2 (Build target(s)).
     1>ClCompile:
         C:\Program Files (x86)\Microsoft Visual Studio 12.0\VC\bin\CL.exe /c /ZI /nologo /W3 /WX- /sdl /Od /Oy- /D _MBCS /Gm /EHsc /RTC1 /MDd /GS /fp:precise /Zc:wchar_t /Zc:forScope /Fo"Debug\\" /Fd"Debug\vc120.pdb" /Gd /TP /analyze- /errorReport:prompt Currency.cpp Main.cpp Wallet.cpp
         Currency.cpp
         Generating Code...
         Compiling...
         Main.cpp
     1>c:\users\jie\documents\study\jane_cis22c\lab1\lab1\lab1\main.cpp(28): warning C4244: 'initializing' : conversion from 'time_t' to 'unsigned int', possible loss of data
         Generating Code...
         Compiling...
         Wallet.cpp
         Generating Code...
     1>c:\users\jie\documents\study\jane_cis22c\lab1\lab1\lab1\wallet.cpp(120): warning C4715: 'Wallet::remove' : not all control paths return a value
       Link:
         C:\Program Files (x86)\Microsoft Visual Studio 12.0\VC\bin\link.exe /ERRORREPORT:PROMPT /OUT:"C:\Users\Jie\Documents\study\Jane_CIS22C\Lab1\Lab1\Debug\Lab1.exe" /INCREMENTAL /NOLOGO kernel32.lib user32.lib gdi32.lib winspool.lib comdlg32.lib advapi32.lib shell32.lib ole32.lib oleaut32.lib uuid.lib odbc32.lib odbccp32.lib /MANIFEST /MANIFESTUAC:"level='asInvoker' uiAccess='false'" /manifest:embed /DEBUG /PDB:"C:\Users\Jie\Documents\study\Jane_CIS22C\Lab1\Lab1\Debug\Lab1.pdb" /TLBID:1 /DYNAMICBASE /NXCOMPAT /IMPLIB:"C:\Users\Jie\Documents\study\Jane_CIS22C\Lab1\Lab1\Debug\Lab1.lib" /MACHINE:X86 Debug\Currency.obj
         Debug\Main.obj
         Debug\Wallet.obj
         Lab1.vcxproj -> C:\Users\Jie\Documents\study\Jane_CIS22C\Lab1\Lab1\Debug\Lab1.exe
     1>Done Building Project "C:\Users\Jie\Documents\study\Jane_CIS22C\Lab1\Lab1\Lab1\Lab1.vcxproj" (Build target(s)).

Build succeeded.

Time Elapsed 00:00:05.55
